2016-05-19 19:05:00,472:472.13101387 - ubuntu_sso.utils.translation - WARNING - Translations not found, using null translator.
2016-05-19 19:05:00,515:515.115022659 - ubuntu_sso.main - INFO - Setting up Ubuntu SSO service.
2016-05-19 19:05:00,527:527.894973755 - ubuntu_sso.main - INFO - Ubuntu SSO service started.
2016-05-19 19:05:00,528:528.038024902 - ubuntu_sso.account - INFO - Creating a new SSO access layer for service url u'https://login.ubuntu.com/api/1.0/'
2016-05-19 19:05:00,555:555.558919907 - ubuntu_sso.credentials - INFO - find_credentials: self.app_name dbus.String(u'Ubuntu One'), result is {}? True
2016-05-19 19:05:00,555:555.727958679 - ubuntu_sso.main - INFO - 'CredentialsManagement': emitting 'CredentialsNotFound' with args (dbus.String(u'Ubuntu One'),) and kwargs {}
2016-05-19 19:05:06,241:241.058111191 - ubuntu_sso.credentials - INFO - find_credentials: self.app_name dbus.String(u'Ubuntu One'), result is {}? True
2016-05-19 19:05:06,241:241.194963455 - ubuntu_sso.main - INFO - 'CredentialsManagement': emitting 'CredentialsNotFound' with args (dbus.String(u'Ubuntu One'),) and kwargs {}
2016-05-19 19:05:10,562:562.894105911 - ubuntu_sso.main - INFO - Shutting down, calling <function shutdown_func at 0xb6bc002c>.
2017-01-15 17:39:07,899:899.871110916 - ubuntu_sso.utils.translation - WARNING - Translations not found, using null translator.
2017-01-15 17:39:07,938:938.040971756 - ubuntu_sso.main - INFO - Setting up Ubuntu SSO service.
2017-01-15 17:39:07,966:966.862916946 - ubuntu_sso.main - INFO - Ubuntu SSO service started.
2017-01-15 17:39:07,966:966.976881027 - ubuntu_sso.account - INFO - Creating a new SSO access layer for service url u'https://login.ubuntu.com/api/1.0/'
2017-01-15 17:39:07,975:975.657939911 - ubuntu_sso.credentials - INFO - find_credentials: self.app_name dbus.String(u'Ubuntu One'), result is {}? True
2017-01-15 17:39:07,975:975.795984268 - ubuntu_sso.main - INFO - 'CredentialsManagement': emitting 'CredentialsNotFound' with args (dbus.String(u'Ubuntu One'),) and kwargs {}
2017-01-15 17:39:17,988:988.998889923 - ubuntu_sso.main - INFO - Shutting down, calling <function shutdown_func at 0xb6bbf02c>.
2018-01-18 14:23:48,817:817.632913589 - ubuntu_sso.utils.translation - WARNING - Translations not found, using null translator.
2018-01-18 14:23:48,857:857.960939407 - ubuntu_sso.main - INFO - Setting up Ubuntu SSO service.
2018-01-18 14:23:48,880:880.562067032 - ubuntu_sso.main - INFO - Ubuntu SSO service started.
2018-01-18 14:23:48,880:880.686044693 - ubuntu_sso.account - INFO - Creating a new SSO access layer for service url u'https://login.ubuntu.com/api/1.0/'
2018-01-18 14:23:48,888:888.35310936 - ubuntu_sso.credentials - INFO - find_credentials: self.app_name dbus.String(u'Ubuntu One'), result is {}? True
2018-01-18 14:23:48,888:888.479948044 - ubuntu_sso.main - INFO - 'CredentialsManagement': emitting 'CredentialsNotFound' with args (dbus.String(u'Ubuntu One'),) and kwargs {}
2018-01-18 14:23:58,900:900.449037552 - ubuntu_sso.main - INFO - Shutting down, calling <function shutdown_func at 0xb6bbf02c>.
2018-01-18 14:28:49,697:697.933912277 - ubuntu_sso.utils.translation - WARNING - Translations not found, using null translator.
2018-01-18 14:28:49,709:709.247112274 - ubuntu_sso.main - INFO - Setting up Ubuntu SSO service.
2018-01-18 14:28:49,714:714.417934418 - ubuntu_sso.main - INFO - Ubuntu SSO service started.
2018-01-18 14:28:49,714:714.565992355 - ubuntu_sso.account - INFO - Creating a new SSO access layer for service url u'https://login.ubuntu.com/api/1.0/'
2018-01-18 14:28:49,720:720.419883728 - ubuntu_sso.credentials - INFO - find_credentials: self.app_name dbus.String(u'Ubuntu One'), result is {}? True
2018-01-18 14:28:49,720:720.592975616 - ubuntu_sso.main - INFO - 'CredentialsManagement': emitting 'CredentialsNotFound' with args (dbus.String(u'Ubuntu One'),) and kwargs {}
2018-01-18 14:28:59,725:725.172996521 - ubuntu_sso.main - INFO - Shutting down, calling <function shutdown_func at 0xb6bbf02c>.
2018-01-18 14:47:48,739:739.701986313 - ubuntu_sso.utils.translation - WARNING - Translations not found, using null translator.
2018-01-18 14:47:48,751:751.740932465 - ubuntu_sso.main - INFO - Setting up Ubuntu SSO service.
2018-01-18 14:47:48,757:757.50207901 - ubuntu_sso.main - INFO - Ubuntu SSO service started.
2018-01-18 14:47:48,757:757.625102997 - ubuntu_sso.account - INFO - Creating a new SSO access layer for service url u'https://login.ubuntu.com/api/1.0/'
2018-01-18 14:47:48,763:763.510942459 - ubuntu_sso.credentials - INFO - find_credentials: self.app_name dbus.String(u'Ubuntu One'), result is {}? True
2018-01-18 14:47:48,763:763.628959656 - ubuntu_sso.main - INFO - 'CredentialsManagement': emitting 'CredentialsNotFound' with args (dbus.String(u'Ubuntu One'),) and kwargs {}
2018-01-18 14:47:58,766:766.316890717 - ubuntu_sso.main - INFO - Shutting down, calling <function shutdown_func at 0xb6bc102c>.
2018-01-18 14:52:48,702:702.277898788 - ubuntu_sso.utils.translation - WARNING - Translations not found, using null translator.
2018-01-18 14:52:48,713:713.860988617 - ubuntu_sso.main - INFO - Setting up Ubuntu SSO service.
2018-01-18 14:52:48,719:719.346046448 - ubuntu_sso.main - INFO - Ubuntu SSO service started.
2018-01-18 14:52:48,719:719.494104385 - ubuntu_sso.account - INFO - Creating a new SSO access layer for service url u'https://login.ubuntu.com/api/1.0/'
2018-01-18 14:52:48,725:725.42309761 - ubuntu_sso.credentials - INFO - find_credentials: self.app_name dbus.String(u'Ubuntu One'), result is {}? True
2018-01-18 14:52:48,725:725.5859375 - ubuntu_sso.main - INFO - 'CredentialsManagement': emitting 'CredentialsNotFound' with args (dbus.String(u'Ubuntu One'),) and kwargs {}
2018-01-18 14:52:58,735:735.071897507 - ubuntu_sso.main - INFO - Shutting down, calling <function shutdown_func at 0xb6bc102c>.
